Copyright 1986-2022 Xilinx, Inc. All Rights Reserved. Copyright 2022-2024 Advanced Micro Devices, Inc. All Rights Reserved.
------------------------------------------------------------------------------------------------------------------------------------------------------------------------------------------------------------------------------
| Tool Version : Vivado v.2024.2 (win64) Build 5239630 Fri Nov 08 22:35:27 MST 2024
| Date         : Mon Feb 17 18:06:28 2025
| Host         : DESKTOP-BGLR1M6 running 64-bit major release  (build 9200)
| Command      : report_timing_summary -max_paths 10 -report_unconstrained -file digital_num_timing_summary_routed.rpt -pb digital_num_timing_summary_routed.pb -rpx digital_num_timing_summary_routed.rpx -warn_on_violation
| Design       : digital_num
| Device       : 7a35t-cpg236
| Speed File   : -1  PRODUCTION 1.23 2018-06-13
| Design State : Routed
------------------------------------------------------------------------------------------------------------------------------------------------------------------------------------------------------------------------------

Timing Summary Report

------------------------------------------------------------------------------------------------
| Timer Settings
| --------------
------------------------------------------------------------------------------------------------

  Enable Multi Corner Analysis               :  Yes
  Enable Pessimism Removal                   :  Yes
  Pessimism Removal Resolution               :  Nearest Common Node
  Enable Input Delay Default Clock           :  No
  Enable Preset / Clear Arcs                 :  No
  Disable Flight Delays                      :  No
  Ignore I/O Paths                           :  No
  Timing Early Launch at Borrowing Latches   :  No
  Borrow Time for Max Delay Exceptions       :  Yes
  Merge Timing Exceptions                    :  Yes
  Inter-SLR Compensation                     :  Conservative

  Corner  Analyze    Analyze    
  Name    Max Paths  Min Paths  
  ------  ---------  ---------  
  Slow    Yes        Yes        
  Fast    Yes        Yes        


------------------------------------------------------------------------------------------------
| Report Methodology
| ------------------
------------------------------------------------------------------------------------------------

No report available as report_methodology has not been run prior. Run report_methodology on the current design for the summary of methodology violations.



check_timing report

Table of Contents
-----------------
1. checking no_clock (0)
2. checking constant_clock (0)
3. checking pulse_width_clock (0)
4. checking unconstrained_internal_endpoints (0)
5. checking no_input_delay (0)
6. checking no_output_delay (0)
7. checking multiple_clock (0)
8. checking generated_clocks (0)
9. checking loops (0)
10. checking partial_input_delay (0)
11. checking partial_output_delay (0)
12. checking latch_loops (0)

1. checking no_clock (0)
------------------------
 There are 0 register/latch pins with no clock.


2. checking constant_clock (0)
------------------------------
 There are 0 register/latch pins with constant_clock.


3. checking pulse_width_clock (0)
---------------------------------
 There are 0 register/latch pins which need pulse_width check


4. checking unconstrained_internal_endpoints (0)
------------------------------------------------
 There are 0 pins that are not constrained for maximum delay.

 There are 0 pins that are not constrained for maximum delay due to constant clock.


5. checking no_input_delay (0)
------------------------------
 There are 0 input ports with no input delay specified.

 There are 0 input ports with no input delay but user has a false path constraint.


6. checking no_output_delay (0)
-------------------------------
 There are 0 ports with no output delay specified.

 There are 0 ports with no output delay but user has a false path constraint

 There are 0 ports with no output delay but with a timing clock defined on it or propagating through it


7. checking multiple_clock (0)
------------------------------
 There are 0 register/latch pins with multiple clocks.


8. checking generated_clocks (0)
--------------------------------
 There are 0 generated clocks that are not connected to a clock source.


9. checking loops (0)
---------------------
 There are 0 combinational loops in the design.


10. checking partial_input_delay (0)
------------------------------------
 There are 0 input ports with partial input delay specified.


11. checking partial_output_delay (0)
-------------------------------------
 There are 0 ports with partial output delay specified.


12. checking latch_loops (0)
----------------------------
 There are 0 combinational latch loops in the design through latch input



------------------------------------------------------------------------------------------------
| Design Timing Summary
| ---------------------
------------------------------------------------------------------------------------------------

    WNS(ns)      TNS(ns)  TNS Failing Endpoints  TNS Total Endpoints      WHS(ns)      THS(ns)  THS Failing Endpoints  THS Total Endpoints     WPWS(ns)     TPWS(ns)  TPWS Failing Endpoints  TPWS Total Endpoints  
    -------      -------  ---------------------  -------------------      -------      -------  ---------------------  -------------------     --------     --------  ----------------------  --------------------  
        inf        0.000                      0                    7          inf        0.000                      0                    7           NA           NA                      NA                    NA  


There are no user specified timing constraints.


------------------------------------------------------------------------------------------------
| Clock Summary
| -------------
------------------------------------------------------------------------------------------------


------------------------------------------------------------------------------------------------
| Intra Clock Table
| -----------------
------------------------------------------------------------------------------------------------

Clock             WNS(ns)      TNS(ns)  TNS Failing Endpoints  TNS Total Endpoints      WHS(ns)      THS(ns)  THS Failing Endpoints  THS Total Endpoints     WPWS(ns)     TPWS(ns)  TPWS Failing Endpoints  TPWS Total Endpoints  
-----             -------      -------  ---------------------  -------------------      -------      -------  ---------------------  -------------------     --------     --------  ----------------------  --------------------  


------------------------------------------------------------------------------------------------
| Inter Clock Table
| -----------------
------------------------------------------------------------------------------------------------

From Clock    To Clock          WNS(ns)      TNS(ns)  TNS Failing Endpoints  TNS Total Endpoints      WHS(ns)      THS(ns)  THS Failing Endpoints  THS Total Endpoints  
----------    --------          -------      -------  ---------------------  -------------------      -------      -------  ---------------------  -------------------  


------------------------------------------------------------------------------------------------
| Other Path Groups Table
| -----------------------
------------------------------------------------------------------------------------------------

Path Group    From Clock    To Clock          WNS(ns)      TNS(ns)  TNS Failing Endpoints  TNS Total Endpoints      WHS(ns)      THS(ns)  THS Failing Endpoints  THS Total Endpoints  
----------    ----------    --------          -------      -------  ---------------------  -------------------      -------      -------  ---------------------  -------------------  


------------------------------------------------------------------------------------------------
| User Ignored Path Table
| -----------------------
------------------------------------------------------------------------------------------------

Path Group    From Clock    To Clock    
----------    ----------    --------    


------------------------------------------------------------------------------------------------
| Unconstrained Path Table
| ------------------------
------------------------------------------------------------------------------------------------

Path Group    From Clock    To Clock    
----------    ----------    --------    
(none)                                    


------------------------------------------------------------------------------------------------
| Timing Details
| --------------
------------------------------------------------------------------------------------------------


--------------------------------------------------------------------------------------
Path Group:  (none)
From Clock:  
  To Clock:  

Max Delay             7 Endpoints
Min Delay             7 Endpoints
--------------------------------------------------------------------------------------


Max Delay Paths
--------------------------------------------------------------------------------------
Slack:                    inf
  Source:                 x
                            (input port)
  Destination:            a
                            (output port)
  Path Group:             (none)
  Path Type:              Max at Slow Process Corner
  Data Path Delay:        10.775ns  (logic 5.326ns (49.432%)  route 5.449ns (50.568%))
  Logic Levels:           3  (IBUF=1 LUT4=1 OBUF=1)

    Location             Delay type                Incr(ns)  Path(ns)    Netlist Resource(s)
  -------------------------------------------------------------------    -------------------
    W16                                               0.000     0.000 r  x (IN)
                         net (fo=0)                   0.000     0.000    x
    W16                  IBUF (Prop_ibuf_I_O)         1.464     1.464 r  x_IBUF_inst/O
                         net (fo=7, routed)           3.537     5.001    x_IBUF
    SLICE_X65Y16         LUT4 (Prop_lut4_I1_O)        0.150     5.151 r  a_OBUF_inst_i_1/O
                         net (fo=1, routed)           1.912     7.063    a_OBUF
    W7                   OBUF (Prop_obuf_I_O)         3.713    10.775 r  a_OBUF_inst/O
                         net (fo=0)                   0.000    10.775    a
    W7                                                                r  a (OUT)
  -------------------------------------------------------------------    -------------------

Slack:                    inf
  Source:                 x
                            (input port)
  Destination:            d
                            (output port)
  Path Group:             (none)
  Path Type:              Max at Slow Process Corner
  Data Path Delay:        10.690ns  (logic 5.357ns (50.116%)  route 5.333ns (49.884%))
  Logic Levels:           3  (IBUF=1 LUT4=1 OBUF=1)

    Location             Delay type                Incr(ns)  Path(ns)    Netlist Resource(s)
  -------------------------------------------------------------------    -------------------
    W16                                               0.000     0.000 r  x (IN)
                         net (fo=0)                   0.000     0.000    x
    W16                  IBUF (Prop_ibuf_I_O)         1.464     1.464 r  x_IBUF_inst/O
                         net (fo=7, routed)           3.475     4.939    x_IBUF
    SLICE_X65Y16         LUT4 (Prop_lut4_I1_O)        0.150     5.089 r  d_OBUF_inst_i_1/O
                         net (fo=1, routed)           1.857     6.946    d_OBUF
    V8                   OBUF (Prop_obuf_I_O)         3.744    10.690 r  d_OBUF_inst/O
                         net (fo=0)                   0.000    10.690    d
    V8                                                                r  d (OUT)
  -------------------------------------------------------------------    -------------------

Slack:                    inf
  Source:                 y
                            (input port)
  Destination:            f
                            (output port)
  Path Group:             (none)
  Path Type:              Max at Slow Process Corner
  Data Path Delay:        10.657ns  (logic 5.323ns (49.945%)  route 5.334ns (50.055%))
  Logic Levels:           3  (IBUF=1 LUT4=1 OBUF=1)

    Location             Delay type                Incr(ns)  Path(ns)    Netlist Resource(s)
  -------------------------------------------------------------------    -------------------
    V16                                               0.000     0.000 f  y (IN)
                         net (fo=0)                   0.000     0.000    y
    V16                  IBUF (Prop_ibuf_I_O)         1.461     1.461 f  y_IBUF_inst/O
                         net (fo=7, routed)           3.658     5.119    y_IBUF
    SLICE_X65Y16         LUT4 (Prop_lut4_I3_O)        0.154     5.273 r  f_OBUF_inst_i_1/O
                         net (fo=1, routed)           1.676     6.950    f_OBUF
    V5                   OBUF (Prop_obuf_I_O)         3.707    10.657 r  f_OBUF_inst/O
                         net (fo=0)                   0.000    10.657    f
    V5                                                                r  f (OUT)
  -------------------------------------------------------------------    -------------------

Slack:                    inf
  Source:                 y
                            (input port)
  Destination:            e
                            (output port)
  Path Group:             (none)
  Path Type:              Max at Slow Process Corner
  Data Path Delay:        10.567ns  (logic 5.105ns (48.314%)  route 5.462ns (51.687%))
  Logic Levels:           3  (IBUF=1 LUT4=1 OBUF=1)

    Location             Delay type                Incr(ns)  Path(ns)    Netlist Resource(s)
  -------------------------------------------------------------------    -------------------
    V16                                               0.000     0.000 r  y (IN)
                         net (fo=0)                   0.000     0.000    y
    V16                  IBUF (Prop_ibuf_I_O)         1.461     1.461 r  y_IBUF_inst/O
                         net (fo=7, routed)           3.658     5.119    y_IBUF
    SLICE_X65Y16         LUT4 (Prop_lut4_I1_O)        0.124     5.243 r  e_OBUF_inst_i_1/O
                         net (fo=1, routed)           1.804     7.047    e_OBUF
    U5                   OBUF (Prop_obuf_I_O)         3.520    10.567 r  e_OBUF_inst/O
                         net (fo=0)                   0.000    10.567    e
    U5                                                                r  e (OUT)
  -------------------------------------------------------------------    -------------------

Slack:                    inf
  Source:                 x
                            (input port)
  Destination:            b
                            (output port)
  Path Group:             (none)
  Path Type:              Max at Slow Process Corner
  Data Path Delay:        10.535ns  (logic 5.117ns (48.570%)  route 5.418ns (51.430%))
  Logic Levels:           3  (IBUF=1 LUT4=1 OBUF=1)

    Location             Delay type                Incr(ns)  Path(ns)    Netlist Resource(s)
  -------------------------------------------------------------------    -------------------
    W16                                               0.000     0.000 f  x (IN)
                         net (fo=0)                   0.000     0.000    x
    W16                  IBUF (Prop_ibuf_I_O)         1.464     1.464 f  x_IBUF_inst/O
                         net (fo=7, routed)           3.537     5.001    x_IBUF
    SLICE_X65Y16         LUT4 (Prop_lut4_I1_O)        0.124     5.125 r  b_OBUF_inst_i_1/O
                         net (fo=1, routed)           1.881     7.006    b_OBUF
    W6                   OBUF (Prop_obuf_I_O)         3.529    10.535 r  b_OBUF_inst/O
                         net (fo=0)                   0.000    10.535    b
    W6                                                                r  b (OUT)
  -------------------------------------------------------------------    -------------------

Slack:                    inf
  Source:                 x
                            (input port)
  Destination:            c
                            (output port)
  Path Group:             (none)
  Path Type:              Max at Slow Process Corner
  Data Path Delay:        10.319ns  (logic 5.123ns (49.646%)  route 5.196ns (50.354%))
  Logic Levels:           3  (IBUF=1 LUT4=1 OBUF=1)

    Location             Delay type                Incr(ns)  Path(ns)    Netlist Resource(s)
  -------------------------------------------------------------------    -------------------
    W16                                               0.000     0.000 r  x (IN)
                         net (fo=0)                   0.000     0.000    x
    W16                  IBUF (Prop_ibuf_I_O)         1.464     1.464 r  x_IBUF_inst/O
                         net (fo=7, routed)           3.475     4.939    x_IBUF
    SLICE_X65Y16         LUT4 (Prop_lut4_I1_O)        0.124     5.063 r  c_OBUF_inst_i_1/O
                         net (fo=1, routed)           1.721     6.784    c_OBUF
    U8                   OBUF (Prop_obuf_I_O)         3.535    10.319 r  c_OBUF_inst/O
                         net (fo=0)                   0.000    10.319    c
    U8                                                                r  c (OUT)
  -------------------------------------------------------------------    -------------------

Slack:                    inf
  Source:                 x
                            (input port)
  Destination:            g
                            (output port)
  Path Group:             (none)
  Path Type:              Max at Slow Process Corner
  Data Path Delay:        10.093ns  (logic 5.119ns (50.720%)  route 4.974ns (49.280%))
  Logic Levels:           3  (IBUF=1 LUT4=1 OBUF=1)

    Location             Delay type                Incr(ns)  Path(ns)    Netlist Resource(s)
  -------------------------------------------------------------------    -------------------
    W16                                               0.000     0.000 r  x (IN)
                         net (fo=0)                   0.000     0.000    x
    W16                  IBUF (Prop_ibuf_I_O)         1.464     1.464 r  x_IBUF_inst/O
                         net (fo=7, routed)           3.315     4.779    x_IBUF
    SLICE_X63Y12         LUT4 (Prop_lut4_I2_O)        0.124     4.903 r  g_OBUF_inst_i_1/O
                         net (fo=1, routed)           1.659     6.562    g_OBUF
    U7                   OBUF (Prop_obuf_I_O)         3.531    10.093 r  g_OBUF_inst/O
                         net (fo=0)                   0.000    10.093    g
    U7                                                                r  g (OUT)
  -------------------------------------------------------------------    -------------------





Min Delay Paths
--------------------------------------------------------------------------------------
Slack:                    inf
  Source:                 z
                            (input port)
  Destination:            g
                            (output port)
  Path Group:             (none)
  Path Type:              Min at Fast Process Corner
  Data Path Delay:        3.139ns  (logic 1.498ns (47.732%)  route 1.641ns (52.268%))
  Logic Levels:           3  (IBUF=1 LUT4=1 OBUF=1)

    Location             Delay type                Incr(ns)  Path(ns)    Netlist Resource(s)
  -------------------------------------------------------------------    -------------------
    V17                                               0.000     0.000 f  z (IN)
                         net (fo=0)                   0.000     0.000    z
    V17                  IBUF (Prop_ibuf_I_O)         0.221     0.221 f  z_IBUF_inst/O
                         net (fo=7, routed)           1.315     1.536    z_IBUF
    SLICE_X63Y12         LUT4 (Prop_lut4_I0_O)        0.045     1.581 r  g_OBUF_inst_i_1/O
                         net (fo=1, routed)           0.326     1.907    g_OBUF
    U7                   OBUF (Prop_obuf_I_O)         1.232     3.139 r  g_OBUF_inst/O
                         net (fo=0)                   0.000     3.139    g
    U7                                                                r  g (OUT)
  -------------------------------------------------------------------    -------------------

Slack:                    inf
  Source:                 w
                            (input port)
  Destination:            b
                            (output port)
  Path Group:             (none)
  Path Type:              Min at Fast Process Corner
  Data Path Delay:        3.309ns  (logic 1.492ns (45.083%)  route 1.817ns (54.917%))
  Logic Levels:           3  (IBUF=1 LUT4=1 OBUF=1)

    Location             Delay type                Incr(ns)  Path(ns)    Netlist Resource(s)
  -------------------------------------------------------------------    -------------------
    W17                                               0.000     0.000 f  w (IN)
                         net (fo=0)                   0.000     0.000    w
    W17                  IBUF (Prop_ibuf_I_O)         0.217     0.217 f  w_IBUF_inst/O
                         net (fo=7, routed)           1.395     1.611    w_IBUF
    SLICE_X65Y16         LUT4 (Prop_lut4_I0_O)        0.045     1.656 r  b_OBUF_inst_i_1/O
                         net (fo=1, routed)           0.422     2.079    b_OBUF
    W6                   OBUF (Prop_obuf_I_O)         1.230     3.309 r  b_OBUF_inst/O
                         net (fo=0)                   0.000     3.309    b
    W6                                                                r  b (OUT)
  -------------------------------------------------------------------    -------------------

Slack:                    inf
  Source:                 w
                            (input port)
  Destination:            f
                            (output port)
  Path Group:             (none)
  Path Type:              Min at Fast Process Corner
  Data Path Delay:        3.317ns  (logic 1.538ns (46.367%)  route 1.779ns (53.633%))
  Logic Levels:           3  (IBUF=1 LUT4=1 OBUF=1)

    Location             Delay type                Incr(ns)  Path(ns)    Netlist Resource(s)
  -------------------------------------------------------------------    -------------------
    W17                                               0.000     0.000 r  w (IN)
                         net (fo=0)                   0.000     0.000    w
    W17                  IBUF (Prop_ibuf_I_O)         0.217     0.217 r  w_IBUF_inst/O
                         net (fo=7, routed)           1.448     1.664    w_IBUF
    SLICE_X65Y16         LUT4 (Prop_lut4_I0_O)        0.051     1.715 r  f_OBUF_inst_i_1/O
                         net (fo=1, routed)           0.331     2.047    f_OBUF
    V5                   OBUF (Prop_obuf_I_O)         1.271     3.317 r  f_OBUF_inst/O
                         net (fo=0)                   0.000     3.317    f
    V5                                                                r  f (OUT)
  -------------------------------------------------------------------    -------------------

Slack:                    inf
  Source:                 w
                            (input port)
  Destination:            e
                            (output port)
  Path Group:             (none)
  Path Type:              Min at Fast Process Corner
  Data Path Delay:        3.322ns  (logic 1.483ns (44.627%)  route 1.839ns (55.373%))
  Logic Levels:           3  (IBUF=1 LUT4=1 OBUF=1)

    Location             Delay type                Incr(ns)  Path(ns)    Netlist Resource(s)
  -------------------------------------------------------------------    -------------------
    W17                                               0.000     0.000 f  w (IN)
                         net (fo=0)                   0.000     0.000    w
    W17                  IBUF (Prop_ibuf_I_O)         0.217     0.217 f  w_IBUF_inst/O
                         net (fo=7, routed)           1.448     1.664    w_IBUF
    SLICE_X65Y16         LUT4 (Prop_lut4_I0_O)        0.045     1.709 r  e_OBUF_inst_i_1/O
                         net (fo=1, routed)           0.392     2.101    e_OBUF
    U5                   OBUF (Prop_obuf_I_O)         1.221     3.322 r  e_OBUF_inst/O
                         net (fo=0)                   0.000     3.322    e
    U5                                                                r  e (OUT)
  -------------------------------------------------------------------    -------------------

Slack:                    inf
  Source:                 w
                            (input port)
  Destination:            c
                            (output port)
  Path Group:             (none)
  Path Type:              Min at Fast Process Corner
  Data Path Delay:        3.331ns  (logic 1.498ns (44.955%)  route 1.834ns (55.045%))
  Logic Levels:           3  (IBUF=1 LUT4=1 OBUF=1)

    Location             Delay type                Incr(ns)  Path(ns)    Netlist Resource(s)
  -------------------------------------------------------------------    -------------------
    W17                                               0.000     0.000 f  w (IN)
                         net (fo=0)                   0.000     0.000    w
    W17                  IBUF (Prop_ibuf_I_O)         0.217     0.217 f  w_IBUF_inst/O
                         net (fo=7, routed)           1.471     1.687    w_IBUF
    SLICE_X65Y16         LUT4 (Prop_lut4_I2_O)        0.045     1.732 r  c_OBUF_inst_i_1/O
                         net (fo=1, routed)           0.363     2.095    c_OBUF
    U8                   OBUF (Prop_obuf_I_O)         1.236     3.331 r  c_OBUF_inst/O
                         net (fo=0)                   0.000     3.331    c
    U8                                                                r  c (OUT)
  -------------------------------------------------------------------    -------------------

Slack:                    inf
  Source:                 w
                            (input port)
  Destination:            a
                            (output port)
  Path Group:             (none)
  Path Type:              Min at Fast Process Corner
  Data Path Delay:        3.374ns  (logic 1.538ns (45.595%)  route 1.836ns (54.405%))
  Logic Levels:           3  (IBUF=1 LUT4=1 OBUF=1)

    Location             Delay type                Incr(ns)  Path(ns)    Netlist Resource(s)
  -------------------------------------------------------------------    -------------------
    W17                                               0.000     0.000 r  w (IN)
                         net (fo=0)                   0.000     0.000    w
    W17                  IBUF (Prop_ibuf_I_O)         0.217     0.217 r  w_IBUF_inst/O
                         net (fo=7, routed)           1.395     1.611    w_IBUF
    SLICE_X65Y16         LUT4 (Prop_lut4_I0_O)        0.048     1.659 r  a_OBUF_inst_i_1/O
                         net (fo=1, routed)           0.441     2.100    a_OBUF
    W7                   OBUF (Prop_obuf_I_O)         1.274     3.374 r  a_OBUF_inst/O
                         net (fo=0)                   0.000     3.374    a
    W7                                                                r  a (OUT)
  -------------------------------------------------------------------    -------------------

Slack:                    inf
  Source:                 w
                            (input port)
  Destination:            d
                            (output port)
  Path Group:             (none)
  Path Type:              Min at Fast Process Corner
  Data Path Delay:        3.446ns  (logic 1.563ns (45.354%)  route 1.883ns (54.646%))
  Logic Levels:           3  (IBUF=1 LUT4=1 OBUF=1)

    Location             Delay type                Incr(ns)  Path(ns)    Netlist Resource(s)
  -------------------------------------------------------------------    -------------------
    W17                                               0.000     0.000 r  w (IN)
                         net (fo=0)                   0.000     0.000    w
    W17                  IBUF (Prop_ibuf_I_O)         0.217     0.217 r  w_IBUF_inst/O
                         net (fo=7, routed)           1.471     1.687    w_IBUF
    SLICE_X65Y16         LUT4 (Prop_lut4_I2_O)        0.043     1.730 r  d_OBUF_inst_i_1/O
                         net (fo=1, routed)           0.412     2.143    d_OBUF
    V8                   OBUF (Prop_obuf_I_O)         1.303     3.446 r  d_OBUF_inst/O
                         net (fo=0)                   0.000     3.446    d
    V8                                                                r  d (OUT)
  -------------------------------------------------------------------    -------------------





